2026-04-16 00:05:32 [INFO] Starting Gateway Bot...
2026-04-16 00:05:32 [INFO] Main bot link: https://t.me/EliteEarnersBot
2026-04-16 00:05:34 [INFO] Gateway Bot is running...
2026-04-16 00:05:37 [INFO] Scheduler started
2026-04-16 00:06:17 [INFO] Gateway database initialized
2026-04-16 00:06:41 [INFO] [VERIFIED] Eretna (1927811621) via emoji
2026-04-16 00:07:11 [INFO] Scheduler has been shut down
2026-04-16 00:08:45 [INFO] Starting Gateway Bot...
2026-04-16 00:08:45 [INFO] Main bot link: https://t.me/EliteEarnersBot
2026-04-16 00:08:47 [INFO] Gateway Bot is running...
2026-04-16 00:08:48 [INFO] Scheduler started
2026-04-16 00:10:44 [ERROR] Task was destroyed but it is pending!
task: <Task pending name='Application:8686255483:update_fetcher' coro=<Application._update_fetcher() running at C:\Users\user\AppData\Roaming\Python\Python314\site-packages\telegram\ext\_application.py:1233> wait_for=<Future pending cb=[Task.task_wakeup()]>>
2026-04-16 00:13:26 [INFO] Starting Gateway Bot...
2026-04-16 00:13:26 [INFO] Main bot link: https://t.me/eliteprepaidstock
2026-04-16 00:13:27 [INFO] Gateway Bot is running...
2026-04-16 00:13:28 [INFO] Scheduler started
2026-04-16 00:13:49 [INFO] Gateway database initialized
2026-04-16 00:14:26 [INFO] Scheduler has been shut down
2026-04-16 00:15:40 [INFO] Starting Gateway Bot...
2026-04-16 00:15:40 [INFO] Main bot link: https://t.me/eliteprepaidstock
2026-04-16 00:17:10 [INFO] Starting Gateway Bot...
2026-04-16 00:17:10 [INFO] Main bot link: https://t.me/eliteprepaidstock
2026-04-16 00:17:12 [INFO] Gateway Bot is running...
2026-04-16 00:17:12 [INFO] Scheduler started
2026-04-16 00:17:13 [INFO] Gateway database initialized
2026-04-16 00:17:21 [INFO] [VERIFIED] kan (5442121415) via math
2026-04-16 00:17:38 [INFO] Scheduler has been shut down
2026-04-16 00:20:12 [INFO] Starting Gateway Bot...
2026-04-16 00:20:12 [INFO] Main bot link: https://t.me/eliteprepaidstock
2026-04-16 00:20:13 [INFO] Gateway Bot is running...
2026-04-16 00:20:14 [INFO] Scheduler started
2026-04-16 00:20:21 [INFO] Gateway database initialized
2026-04-16 00:23:35 [INFO] Starting Gateway Bot...
2026-04-16 00:23:35 [INFO] Main bot link: https://t.me/eliteprepaidstockbot
2026-04-16 00:23:36 [INFO] Gateway Bot is running...
2026-04-16 00:23:37 [INFO] Scheduler started
2026-04-16 00:23:49 [INFO] Gateway database initialized
